0 info it worked if it ends with ok
1 verbose cli [ '/Users/nepstein/.nvm/v0.10.30/bin/node',
1 verbose cli   '/Users/nepstein/.nvm/v0.10.30/bin/npm',
1 verbose cli   'unpublish',
1 verbose cli   '--force' ]
2 info using npm@1.4.21
3 info using node@v0.10.30
4 warn using --force I sure hope you know what you are doing.
5 verbose request where is /knear?write=true
6 verbose request registry https://registry.npmjs.org/
7 verbose request id 52e42399195a52ac
8 verbose url raw /knear?write=true
9 verbose url resolving [ 'https://registry.npmjs.org/', './knear?write=true' ]
10 verbose url resolved https://registry.npmjs.org/knear?write=true
11 verbose request where is https://registry.npmjs.org/knear?write=true
12 info trying registry request attempt 1 at 12:17:59
13 http GET https://registry.npmjs.org/knear?write=true
14 http 200 https://registry.npmjs.org/knear?write=true
15 silly registry.get cb [ 200,
15 silly registry.get   { date: 'Fri, 21 Nov 2014 17:17:59 GMT',
15 silly registry.get     server: 'CouchDB/1.5.0 (Erlang OTP/R16B03)',
15 silly registry.get     etag: '"3HW0FJLZIY763SVIBH6VHOAET"',
15 silly registry.get     'content-type': 'application/json',
15 silly registry.get     'cache-control': 'max-age=0',
15 silly registry.get     'content-length': '10085',
15 silly registry.get     'accept-ranges': 'bytes',
15 silly registry.get     via: '1.1 varnish',
15 silly registry.get     age: '0',
15 silly registry.get     'x-served-by': 'cache-jfk1028-JFK',
15 silly registry.get     'x-cache': 'MISS',
15 silly registry.get     'x-cache-hits': '0',
15 silly registry.get     'x-timer': 'S1416590279.287868,VS0,VE326',
15 silly registry.get     vary: 'Accept',
15 silly registry.get     'keep-alive': 'timeout=10, max=50',
15 silly registry.get     connection: 'Keep-Alive' } ]
16 verbose unpublish removing attachments { shasum: '21d49532bd10e378d1f7c2bb64df94ed5b8094b5',
16 verbose unpublish   tarball: 'http://registry.npmjs.org/knear/-/knear-0.0.3.tgz' }
17 verbose request where is /knear/-rev/6-098e8cd6938dea97072a716695296213
18 verbose request registry https://registry.npmjs.org/
19 verbose url raw /knear/-rev/6-098e8cd6938dea97072a716695296213
20 verbose url resolving [ 'https://registry.npmjs.org/',
20 verbose url resolving   './knear/-rev/6-098e8cd6938dea97072a716695296213' ]
21 verbose url resolved https://registry.npmjs.org/knear/-rev/6-098e8cd6938dea97072a716695296213
22 verbose request where is https://registry.npmjs.org/knear/-rev/6-098e8cd6938dea97072a716695296213
23 info trying registry request attempt 1 at 12:17:59
24 http PUT https://registry.npmjs.org/knear/-rev/6-098e8cd6938dea97072a716695296213
25 http 201 https://registry.npmjs.org/knear/-rev/6-098e8cd6938dea97072a716695296213
26 verbose request where is /knear
27 verbose request registry https://registry.npmjs.org/
28 verbose url raw /knear
29 verbose url resolving [ 'https://registry.npmjs.org/', './knear' ]
30 verbose url resolved https://registry.npmjs.org/knear
31 verbose request where is https://registry.npmjs.org/knear
32 info trying registry request attempt 1 at 12:18:00
33 verbose etag "1DC5U1QJW45JHZ1ZHNXS980RO"
34 http GET https://registry.npmjs.org/knear
35 http 200 https://registry.npmjs.org/knear
36 silly registry.get cb [ 200,
36 silly registry.get   { date: 'Fri, 21 Nov 2014 17:18:00 GMT',
36 silly registry.get     server: 'CouchDB/1.5.0 (Erlang OTP/R16B03)',
36 silly registry.get     etag: '"3HW0FJLZIY763SVIBH6VHOAET"',
36 silly registry.get     'content-type': 'application/json',
36 silly registry.get     'cache-control': 'max-age=60',
36 silly registry.get     'content-length': '10085',
36 silly registry.get     'accept-ranges': 'bytes',
36 silly registry.get     via: '1.1 varnish',
36 silly registry.get     age: '28',
36 silly registry.get     'x-served-by': 'cache-jfk1025-JFK',
36 silly registry.get     'x-cache': 'HIT',
36 silly registry.get     'x-cache-hits': '26',
36 silly registry.get     'x-timer': 'S1416590280.118507,VS0,VE0',
36 silly registry.get     vary: 'Accept',
36 silly registry.get     'keep-alive': 'timeout=10, max=50',
36 silly registry.get     connection: 'Keep-Alive' } ]
37 info detach /knear/-/knear-0.0.3.tgz/-rev/6-098e8cd6938dea97072a716695296213
38 verbose request where is /knear/-/knear-0.0.3.tgz/-rev/6-098e8cd6938dea97072a716695296213
39 verbose request registry https://registry.npmjs.org/
40 verbose url raw /knear/-/knear-0.0.3.tgz/-rev/6-098e8cd6938dea97072a716695296213
41 verbose url resolving [ 'https://registry.npmjs.org/',
41 verbose url resolving   './knear/-/knear-0.0.3.tgz/-rev/6-098e8cd6938dea97072a716695296213' ]
42 verbose url resolved https://registry.npmjs.org/knear/-/knear-0.0.3.tgz/-rev/6-098e8cd6938dea97072a716695296213
43 verbose request where is https://registry.npmjs.org/knear/-/knear-0.0.3.tgz/-rev/6-098e8cd6938dea97072a716695296213
44 info trying registry request attempt 1 at 12:18:00
45 http DELETE https://registry.npmjs.org/knear/-/knear-0.0.3.tgz/-rev/6-098e8cd6938dea97072a716695296213
46 http 409 https://registry.npmjs.org/knear/-/knear-0.0.3.tgz/-rev/6-098e8cd6938dea97072a716695296213
47 verbose headers { date: 'Fri, 21 Nov 2014 17:18:00 GMT',
47 verbose headers   server: 'CouchDB/1.5.0 (Erlang OTP/R16B03)',
47 verbose headers   'content-type': 'application/json',
47 verbose headers   'cache-control': 'max-age=60',
47 verbose headers   'content-length': '58',
47 verbose headers   'accept-ranges': 'bytes',
47 verbose headers   via: '1.1 varnish',
47 verbose headers   'x-served-by': 'cache-jfk1029-JFK',
47 verbose headers   'x-cache': 'MISS',
47 verbose headers   'x-cache-hits': '0',
47 verbose headers   'x-timer': 'S1416590280.149703,VS0,VE352',
47 verbose headers   'keep-alive': 'timeout=10, max=50',
47 verbose headers   connection: 'Keep-Alive' }
48 error Error: conflict Document update conflict.: knear/-/knear-0.0.3.tgz/-rev/6-098e8cd6938dea97072a716695296213
48 error     at RegClient.<anonymous> (/Users/nepstein/.nvm/v0.10.30/lib/node_modules/npm/node_modules/npm-registry-client/lib/request.js:300:14)
48 error     at Request._callback (/Users/nepstein/.nvm/v0.10.30/lib/node_modules/npm/node_modules/npm-registry-client/lib/request.js:238:65)
48 error     at Request.self.callback (/Users/nepstein/.nvm/v0.10.30/lib/node_modules/npm/node_modules/request/request.js:123:22)
48 error     at Request.emit (events.js:98:17)
48 error     at Request.<anonymous> (/Users/nepstein/.nvm/v0.10.30/lib/node_modules/npm/node_modules/request/request.js:893:14)
48 error     at Request.emit (events.js:117:20)
48 error     at IncomingMessage.<anonymous> (/Users/nepstein/.nvm/v0.10.30/lib/node_modules/npm/node_modules/request/request.js:844:12)
48 error     at IncomingMessage.emit (events.js:117:20)
48 error     at _stream_readable.js:938:16
48 error     at process._tickCallback (node.js:419:13)
49 error If you need help, you may report this *entire* log,
49 error including the npm and node versions, at:
49 error     <http://github.com/npm/npm/issues>
50 error System Darwin 14.0.0
51 error command "/Users/nepstein/.nvm/v0.10.30/bin/node" "/Users/nepstein/.nvm/v0.10.30/bin/npm" "unpublish" "--force"
52 error cwd /Users/nepstein/Desktop/ML
53 error node -v v0.10.30
54 error npm -v 1.4.21
55 verbose exit [ 1, true ]
